2025-11-15 11:16:26.916 [main] 14   evel TestCases.TC1_AccountRegistrationTest - *** Started TC1 TestCase********
2025-11-15 11:16:27.631 [main] 24   evel TestCases.TC1_AccountRegistrationTest - **** Registered details added****
2025-11-15 11:16:27.921 [main] 28   evel TestCases.TC1_AccountRegistrationTest - **** Email details added****
2025-11-15 11:16:29.733 [main] 39   evel TestCases.TC1_AccountRegistrationTest - ****Confirm validation added****
2025-11-15 11:16:29.801 [main] 53   evel TestCases.TC1_AccountRegistrationTest - *** Finished TC1 TestCase********
2025-11-18 08:20:34.303 [main] 14   evel TestCases.TC1_AccountRegistrationTest - *** Started TC1 TestCase********
2025-11-18 08:20:35.039 [main] 24   evel TestCases.TC1_AccountRegistrationTest - **** Registered details added****
2025-11-18 08:20:35.335 [main] 28   evel TestCases.TC1_AccountRegistrationTest - **** Email details added****
2025-11-18 08:20:36.967 [main] 39   evel TestCases.TC1_AccountRegistrationTest - ****Confirm validation added****
2025-11-18 08:20:37.033 [main] 53   evel TestCases.TC1_AccountRegistrationTest - *** Finished TC1 TestCase********
2025-11-18 08:34:31.098 [main] 14   evel TestCases.TC1_AccountRegistrationTest - *** Started TC1 TestCase********
2025-11-18 08:34:31.780 [main] 24   evel TestCases.TC1_AccountRegistrationTest - **** Registered details added****
2025-11-18 08:34:32.097 [main] 28   evel TestCases.TC1_AccountRegistrationTest - **** Email details added****
2025-11-18 08:34:33.811 [main] 39   evel TestCases.TC1_AccountRegistrationTest - ****Confirm validation added****
2025-11-18 08:34:33.895 [main] 53   evel TestCases.TC1_AccountRegistrationTest - *** Finished TC1 TestCase********
2025-11-18 09:05:42.249 [main] 14   evel TestCases.TC1_AccountRegistrationTest - *** Started TC1 TestCase********
2025-11-18 09:05:43.167 [main] 24   evel TestCases.TC1_AccountRegistrationTest - **** Registered details added****
2025-11-18 09:05:43.492 [main] 28   evel TestCases.TC1_AccountRegistrationTest - **** Email details added****
2025-11-18 09:05:45.299 [main] 39   evel TestCases.TC1_AccountRegistrationTest - ****Confirm validation added****
2025-11-18 09:05:45.367 [main] 53   evel TestCases.TC1_AccountRegistrationTest - *** Finished TC1 TestCase********
2025-11-18 09:09:37.459 [main] 14   evel TestCases.TC1_AccountRegistrationTest - *** Started TC1 TestCase********
2025-11-18 09:09:38.182 [main] 24   evel TestCases.TC1_AccountRegistrationTest - **** Registered details added****
2025-11-18 09:09:38.584 [main] 28   evel TestCases.TC1_AccountRegistrationTest - **** Email details added****
2025-11-18 09:09:40.533 [main] 39   evel TestCases.TC1_AccountRegistrationTest - ****Confirm validation added****
2025-11-18 09:09:40.622 [main] 53   evel TestCases.TC1_AccountRegistrationTest - *** Finished TC1 TestCase********
2025-11-18 09:11:27.981 [main] 14   evel TestCases.TC1_AccountRegistrationTest - *** Started TC1 TestCase********
2025-11-18 09:11:28.784 [main] 24   evel TestCases.TC1_AccountRegistrationTest - **** Registered details added****
2025-11-18 09:11:29.113 [main] 28   evel TestCases.TC1_AccountRegistrationTest - **** Email details added****
2025-11-18 09:11:31.168 [main] 39   evel TestCases.TC1_AccountRegistrationTest - ****Confirm validation added****
2025-11-18 09:11:31.266 [main] 53   evel TestCases.TC1_AccountRegistrationTest - *** Finished TC1 TestCase********
2025-11-29 11:50:45.021 [main] 16   evel TestCases.TC2_LogInTest - ******login Test started***********
2025-11-29 11:50:45.029 [main] 19   evel TestCases.TC2_LogInTest - ******HomePage***********
2025-11-29 11:50:45.656 [main] 24   evel TestCases.TC2_LogInTest - ******LogInPage***********
2025-11-29 11:50:47.058 [main] 30   evel TestCases.TC2_LogInTest - ******MyAccountPage***********
2025-11-29 11:50:47.297 [main] 39   evel TestCases.TC2_LogInTest - ******login Test  FInished***********
2025-11-30 09:29:09.542 [main] 14   evel TestCases.TC1_AccountRegistrationTest - *** Started TC1 TestCase********
2025-11-30 09:29:10.318 [main] 24   evel TestCases.TC1_AccountRegistrationTest - **** Registered details added****
2025-11-30 09:29:10.641 [main] 28   evel TestCases.TC1_AccountRegistrationTest - **** Email details added****
2025-11-30 09:29:12.791 [main] 39   evel TestCases.TC1_AccountRegistrationTest - ****Confirm validation added****
2025-11-30 09:29:12.872 [main] 53   evel TestCases.TC1_AccountRegistrationTest - *** Finished TC1 TestCase********
2025-11-30 09:29:17.461 [main] 16   evel TestCases.TC2_LogInTest - ******login Test started***********
2025-11-30 09:29:17.464 [main] 19   evel TestCases.TC2_LogInTest - ******HomePage***********
2025-11-30 09:29:17.994 [main] 24   evel TestCases.TC2_LogInTest - ******LogInPage***********
2025-11-30 09:29:18.682 [main] 30   evel TestCases.TC2_LogInTest - ******MyAccountPage***********
2025-11-30 09:29:20.090 [main] 39   evel TestCases.TC2_LogInTest - ******login Test  FInished***********
